<?xml version="1.0" encoding="UTF-8"?>
<!-- Generated by org.testng.reporters.JUnitXMLReporter -->
<testsuite hostname="DESKTOP-JO95MPE" ignored="0" name="Test" tests="4" failures="0" timestamp="2020-06-13T17:54:56 IST" time="37.908" errors="0">
  <testcase name="basePageNavigation" time="0.201" classname="Academy.ValidateNavigationBar"/>
  <testcase name="basePageNavigation" time="0.062" classname="Academy.ValidateTitle"/>
  <testcase name="basePageNavigation" time="12.362" classname="Academy.HomePage"/>
  <testcase name="basePageNavigation" time="6.379" classname="Academy.HomePage"/>
</testsuite> <!-- Test -->
