<?xml version="1.0" encoding="UTF-8"?>
<!-- Generated by org.testng.reporters.JUnitXMLReporter -->
<testsuite hostname="DESKTOP-JO95MPE" ignored="0" name="Test" tests="4" failures="0" timestamp="13 Jun 2020 12:22:27 GMT" time="38.304" errors="0">
  <testcase name="basePageNavigation" time="0.057" classname="Academy.ValidateNavigationBar"/>
  <testcase name="basePageNavigation" time="0.044" classname="Academy.ValidateTitle"/>
  <testcase name="basePageNavigation" time="11.652" classname="Academy.HomePage"/>
  <testcase name="basePageNavigation" time="7.233" classname="Academy.HomePage"/>
</testsuite> <!-- Test -->
