-------------------------------------------------------------------------------
Test set: TestSuite
-------------------------------------------------------------------------------
Tests run: 4, Failures: 1, Errors: 0, Skipped: 0, Time elapsed: 49.268 s <<< FAILURE! - in TestSuite
Academy.ValidateTitle.basePageNavigation  Time elapsed: 1.268 s  <<< FAILURE!
java.lang.AssertionError: expected [FEATURED CO123URSES] but found [FEATURED COURSES]
	at Academy.ValidateTitle.basePageNavigation(ValidateTitle.java:38)

